#
# A fatal error has been detected by the Java Runtime Environment:
#
#  EXCEPTION_ACCESS_VIOLATION (0xc0000005) at pc=0x000002ad7837396f, pid=15744, tid=8904
#
# JRE version: OpenJDK Runtime Environment (23.0.1+11) (build 23.0.1+11-39)
# Java VM: OpenJDK 64-Bit Server VM (23.0.1+11-39, mixed mode, emulated-client, sharing, tiered, compressed oops, compressed class ptrs, g1 gc, windows-amd64)
# Problematic frame:
# v  ~MethodHandlesAdapterBlob 0x000002ad7837396f
#
# No core dump will be written. Minidumps are not enabled by default on client versions of Windows
#
# If you would like to submit a bug report, please visit:
#   https://bugreport.java.com/bugreport/crash.jsp
#

---------------  S U M M A R Y ------------

Command Line: -XX:+ShowCodeDetailsInExceptionMessages -agentlib:jdwp=transport=dt_socket,suspend=y,address=localhost:61030 -Dcom.sun.management.jmxremote -Dcom.sun.management.jmxremote.port=61029 -Dcom.sun.management.jmxremote.authenticate=false -Dcom.sun.management.jmxremote.ssl=false -Djava.rmi.server.hostname=localhost -Dspring.jmx.enabled=true -Dmanagement.endpoints.jmx.exposure.include=* -Dspring.application.admin.enabled=true -XX:TieredStopAtLevel=1 -Dspring.boot.project.name=pse-api -javaagent:C:\Users\thiag\OneDrive\Documentos\SpringTools\sts-4.26.0.RELEASE\configuration\org.eclipse.osgi\271\0\.cp\lib\javaagent-shaded.jar -Dfile.encoding=UTF-8 -Dstdout.encoding=UTF-8 -Dstderr.encoding=UTF-8 com.plansul.pse.PseApplication --spring.output.ansi.enabled=always

Host: Intel(R) Core(TM) i7-4500U CPU @ 1.80GHz, 4 cores, 9G,  Windows 11 , 64 bit Build 22621 (10.0.22621.3958)
Time: Tue Dec  3 11:19:33 2024 Hora oficial do Brasil elapsed time: 66.044473 seconds (0d 0h 1m 6s)

---------------  T H R E A D  ---------------

Current thread (0x000002ad6fc224b0):  JavaThread "main"             [_thread_in_Java, id=8904, stack(0x000000f845700000,0x000000f845800000) (1024K)]

Stack: [0x000000f845700000,0x000000f845800000],  sp=0x000000f8457fd958,  free space=1014k
Native frames: (J=compiled Java code, j=interpreted, Vv=VM code, C=native code)
